mode: set
subscription-service/cmd/web/handlers.go:16.69,18.2 1 1
subscription-service/cmd/web/handlers.go:20.70,22.2 1 1
subscription-service/cmd/web/handlers.go:24.74,28.16 3 1
subscription-service/cmd/web/handlers.go:28.16,30.3 1 0
subscription-service/cmd/web/handlers.go:32.2,36.16 4 1
subscription-service/cmd/web/handlers.go:36.16,40.3 3 0
subscription-service/cmd/web/handlers.go:42.2,43.16 2 1
subscription-service/cmd/web/handlers.go:43.16,47.3 3 0
subscription-service/cmd/web/handlers.go:49.2,49.20 1 1
subscription-service/cmd/web/handlers.go:49.20,61.3 5 0
subscription-service/cmd/web/handlers.go:63.2,68.47 4 1
subscription-service/cmd/web/handlers.go:72.67,77.2 4 1
subscription-service/cmd/web/handlers.go:79.73,81.2 1 0
subscription-service/cmd/web/handlers.go:83.77,85.16 2 0
subscription-service/cmd/web/handlers.go:85.16,87.3 1 0
subscription-service/cmd/web/handlers.go:89.2,99.16 3 0
subscription-service/cmd/web/handlers.go:99.16,103.3 3 0
subscription-service/cmd/web/handlers.go:105.2,119.52 7 0
subscription-service/cmd/web/handlers.go:122.76,126.9 4 0
subscription-service/cmd/web/handlers.go:126.9,130.3 3 0
subscription-service/cmd/web/handlers.go:132.2,133.16 2 0
subscription-service/cmd/web/handlers.go:133.16,137.3 3 0
subscription-service/cmd/web/handlers.go:139.2,141.16 3 0
subscription-service/cmd/web/handlers.go:141.16,145.3 3 0
subscription-service/cmd/web/handlers.go:147.2,148.52 2 0
subscription-service/cmd/web/handlers.go:151.79,153.16 2 0
subscription-service/cmd/web/handlers.go:153.16,156.3 2 0
subscription-service/cmd/web/handlers.go:158.2,163.4 3 0
subscription-service/cmd/web/handlers.go:166.76,169.16 3 1
subscription-service/cmd/web/handlers.go:169.16,171.3 1 0
subscription-service/cmd/web/handlers.go:173.2,174.16 2 1
subscription-service/cmd/web/handlers.go:174.16,178.3 3 0
subscription-service/cmd/web/handlers.go:180.2,181.9 2 1
subscription-service/cmd/web/handlers.go:181.9,185.3 3 0
subscription-service/cmd/web/handlers.go:187.2,188.12 2 1
subscription-service/cmd/web/handlers.go:188.12,192.17 3 1
subscription-service/cmd/web/handlers.go:192.17,195.4 2 0
subscription-service/cmd/web/handlers.go:197.3,204.21 2 1
subscription-service/cmd/web/handlers.go:207.2,208.12 2 1
subscription-service/cmd/web/handlers.go:208.12,213.17 4 1
subscription-service/cmd/web/handlers.go:213.17,216.4 2 0
subscription-service/cmd/web/handlers.go:218.3,227.21 2 1
subscription-service/cmd/web/handlers.go:230.2,231.16 2 1
subscription-service/cmd/web/handlers.go:231.16,235.3 3 0
subscription-service/cmd/web/handlers.go:237.2,238.16 2 1
subscription-service/cmd/web/handlers.go:238.16,242.3 3 0
subscription-service/cmd/web/handlers.go:244.2,247.60 3 1
subscription-service/cmd/web/handlers.go:250.78,269.2 13 1
subscription-service/cmd/web/handlers.go:271.77,273.2 1 1
subscription-service/cmd/web/helpers.go:3.43,6.2 2 1
subscription-service/cmd/web/mailer.go:40.36,41.6 1 0
subscription-service/cmd/web/mailer.go:41.6,42.10 1 0
subscription-service/cmd/web/mailer.go:43.39,44.53 1 0
subscription-service/cmd/web/mailer.go:45.38,46.29 1 0
subscription-service/cmd/web/mailer.go:47.30,48.10 1 0
subscription-service/cmd/web/mailer.go:53.61,56.24 2 0
subscription-service/cmd/web/mailer.go:56.24,58.3 1 0
subscription-service/cmd/web/mailer.go:60.2,60.20 1 0
subscription-service/cmd/web/mailer.go:60.20,62.3 1 0
subscription-service/cmd/web/mailer.go:64.2,64.24 1 0
subscription-service/cmd/web/mailer.go:64.24,66.3 1 0
subscription-service/cmd/web/mailer.go:68.2,68.30 1 0
subscription-service/cmd/web/mailer.go:68.30,70.3 1 0
subscription-service/cmd/web/mailer.go:72.2,72.27 1 0
subscription-service/cmd/web/mailer.go:72.27,74.3 1 0
subscription-service/cmd/web/mailer.go:76.2,79.16 3 0
subscription-service/cmd/web/mailer.go:79.16,81.3 1 0
subscription-service/cmd/web/mailer.go:82.2,83.16 2 0
subscription-service/cmd/web/mailer.go:83.16,85.3 1 0
subscription-service/cmd/web/mailer.go:87.2,98.16 11 0
subscription-service/cmd/web/mailer.go:98.16,100.3 1 0
subscription-service/cmd/web/mailer.go:102.2,107.30 5 0
subscription-service/cmd/web/mailer.go:107.30,108.46 1 0
subscription-service/cmd/web/mailer.go:108.46,110.4 1 0
subscription-service/cmd/web/mailer.go:113.2,113.32 1 0
subscription-service/cmd/web/mailer.go:113.32,114.43 1 0
subscription-service/cmd/web/mailer.go:114.43,116.4 1 0
subscription-service/cmd/web/mailer.go:119.2,120.16 2 0
subscription-service/cmd/web/mailer.go:120.16,122.3 1 0
subscription-service/cmd/web/mailer.go:125.63,128.16 3 0
subscription-service/cmd/web/mailer.go:128.16,130.3 1 0
subscription-service/cmd/web/mailer.go:131.2,132.68 2 0
subscription-service/cmd/web/mailer.go:132.68,134.3 1 0
subscription-service/cmd/web/mailer.go:136.2,138.16 3 0
subscription-service/cmd/web/mailer.go:138.16,140.3 1 0
subscription-service/cmd/web/mailer.go:142.2,142.30 1 0
subscription-service/cmd/web/mailer.go:145.68,148.16 3 0
subscription-service/cmd/web/mailer.go:148.16,150.3 1 0
subscription-service/cmd/web/mailer.go:151.2,152.68 2 0
subscription-service/cmd/web/mailer.go:152.68,154.3 1 0
subscription-service/cmd/web/mailer.go:156.2,158.26 2 0
subscription-service/cmd/web/mailer.go:161.52,168.16 3 0
subscription-service/cmd/web/mailer.go:168.16,170.3 1 0
subscription-service/cmd/web/mailer.go:172.2,173.16 2 0
subscription-service/cmd/web/mailer.go:173.16,175.3 1 0
subscription-service/cmd/web/mailer.go:177.2,177.18 1 0
subscription-service/cmd/web/mailer.go:180.56,181.11 1 0
subscription-service/cmd/web/mailer.go:182.13,183.33 1 0
subscription-service/cmd/web/mailer.go:184.13,185.31 1 0
subscription-service/cmd/web/mailer.go:186.14,187.29 1 0
subscription-service/cmd/web/mailer.go:188.10,189.33 1 0
subscription-service/cmd/web/main.go:25.13,51.2 9 0
subscription-service/cmd/web/main.go:53.38,54.6 1 0
subscription-service/cmd/web/main.go:54.6,55.10 1 0
subscription-service/cmd/web/main.go:56.31,57.18 1 0
subscription-service/cmd/web/main.go:57.18,59.5 1 0
subscription-service/cmd/web/main.go:60.28,61.10 1 0
subscription-service/cmd/web/main.go:66.28,74.16 4 0
subscription-service/cmd/web/main.go:74.16,76.3 1 0
subscription-service/cmd/web/main.go:79.23,81.17 2 0
subscription-service/cmd/web/main.go:81.17,83.3 1 0
subscription-service/cmd/web/main.go:84.2,84.13 1 0
subscription-service/cmd/web/main.go:87.28,92.6 3 0
subscription-service/cmd/web/main.go:92.6,94.17 2 0
subscription-service/cmd/web/main.go:94.17,96.4 1 0
subscription-service/cmd/web/main.go:96.9,99.4 2 0
subscription-service/cmd/web/main.go:101.3,101.18 1 0
subscription-service/cmd/web/main.go:101.18,103.4 1 0
subscription-service/cmd/web/main.go:105.3,108.11 4 0
subscription-service/cmd/web/main.go:112.42,114.16 2 0
subscription-service/cmd/web/main.go:114.16,116.3 1 0
subscription-service/cmd/web/main.go:118.2,118.34 1 0
subscription-service/cmd/web/main.go:118.34,120.3 1 0
subscription-service/cmd/web/main.go:122.2,122.16 1 0
subscription-service/cmd/web/main.go:125.40,135.2 8 0
subscription-service/cmd/web/main.go:137.30,140.36 1 0
subscription-service/cmd/web/main.go:140.36,142.4 1 0
subscription-service/cmd/web/main.go:144.2,144.18 1 0
subscription-service/cmd/web/main.go:147.40,153.2 5 0
subscription-service/cmd/web/main.go:155.31,167.2 10 0
subscription-service/cmd/web/main.go:169.38,188.2 5 0
subscription-service/cmd/web/middleware.go:5.64,7.2 1 1
subscription-service/cmd/web/middleware.go:9.57,10.71 1 1
subscription-service/cmd/web/middleware.go:10.71,11.49 1 0
subscription-service/cmd/web/middleware.go:11.49,15.4 3 0
subscription-service/cmd/web/middleware.go:16.3,16.23 1 0
subscription-service/cmd/web/render.go:26.95,38.29 4 1
subscription-service/cmd/web/render.go:38.29,40.3 1 1
subscription-service/cmd/web/render.go:42.2,42.15 1 1
subscription-service/cmd/web/render.go:42.15,44.3 1 1
subscription-service/cmd/web/render.go:46.2,47.16 2 1
subscription-service/cmd/web/render.go:47.16,51.3 3 0
subscription-service/cmd/web/render.go:53.2,53.67 1 1
subscription-service/cmd/web/render.go:53.67,57.3 3 0
subscription-service/cmd/web/render.go:61.84,65.28 4 1
subscription-service/cmd/web/render.go:65.28,68.10 3 0
subscription-service/cmd/web/render.go:68.10,70.4 1 0
subscription-service/cmd/web/render.go:70.9,72.4 1 0
subscription-service/cmd/web/render.go:74.2,76.11 2 1
subscription-service/cmd/web/render.go:80.58,82.2 1 1
subscription-service/cmd/web/routes.go:9.42,26.2 12 1
subscription-service/cmd/web/routes.go:28.46,34.2 5 1
subscription-service/cmd/web/signer.go:14.21,16.2 1 0
subscription-service/cmd/web/signer.go:18.50,22.33 3 0
subscription-service/cmd/web/signer.go:22.33,24.3 1 0
subscription-service/cmd/web/signer.go:24.8,26.3 1 0
subscription-service/cmd/web/signer.go:28.2,31.14 3 0
subscription-service/cmd/web/signer.go:34.37,38.16 3 0
subscription-service/cmd/web/signer.go:38.16,40.3 1 0
subscription-service/cmd/web/signer.go:42.2,42.13 1 0
subscription-service/cmd/web/signer.go:46.57,51.2 3 0
